app/build/outputs/logs/manifest-merger-debug-report.txt
-- Merging decision tree log ---
manifest
ADDED from src/main/AndroidManifest.xml:2:1-257:12
	xmlns:android
		ADDED from src/main/AndroidManifest.xml:2:11-69
	package
		ADDED from src/main/AndroidManifest.xml:3:5-31
		INJECTED from src/main/AndroidManifest.xml
		INJECTED from src/main/AndroidManifest.xml
	android:versionName
		ADDED from src/main/AndroidManifest.xml:5:5-30
	android:versionCode
		ADDED from src/main/AndroidManifest.xml:4:5-28
		INJECTED from src/main/AndroidManifest.xml
		INJECTED from src/main/AndroidManifest.xml
uses-sdk
ADDED from src/main/AndroidManifest.xml:7:5-9:41
	android:targetSdkVersion
		ADDED from src/main/AndroidManifest.xml:9:9-38
		INJECTED from src/main/AndroidManifest.xml
		INJECTED from src/main/AndroidManifest.xml
	android:minSdkVersion
		ADDED from src/main/AndroidManifest.xml:8:9-34
		INJECTED from src/main/AndroidManifest.xml
		INJECTED from src/main/AndroidManifest.xml
uses-feature#0x00020000
ADDED from src/main/AndroidManifest.xml:11:5-13:35
	android:required
		ADDED from src/main/AndroidManifest.xml:13:9-32
	android:glEsVersion
		ADDED from src/main/AndroidManifest.xml:12:9-41
permission#com.mengdd.arapp.permission.MAPS_RECEIVE
ADDED from src/main/AndroidManifest.xml:15:5-17:47
	android:protectionLevel
		ADDED from src/main/AndroidManifest.xml:17:9-44
	android:name
		ADDED from src/main/AndroidManifest.xml:16:9-64
uses-permission#com.mengdd.arapp.permission.MAPS_RECEIVE
ADDED from src/main/AndroidManifest.xml:19:5-80
	android:name
		ADDED from src/main/AndroidManifest.xml:19:22-77
uses-permission#android.permission.INTERNET
ADDED from src/main/AndroidManifest.xml:20:5-67
	android:name
		ADDED from src/main/AndroidManifest.xml:20:22-64
uses-permission#android.permission.WRITE_EXTERNAL_STORAGE
ADDED from src/main/AndroidManifest.xml:21:5-81
	android:name
		ADDED from src/main/AndroidManifest.xml:21:22-78
uses-permission#com.google.android.providers.gsf.permission.READ_GSERVICES
ADDED from src/main/AndroidManifest.xml:22:5-98
	android:name
		ADDED from src/main/AndroidManifest.xml:22:22-95
uses-permission#android.permission.ACCESS_COARSE_LOCATION
ADDED from src/main/AndroidManifest.xml:23:5-81
	android:name
		ADDED from src/main/AndroidManifest.xml:23:22-78
uses-permission#android.permission.ACCESS_FINE_LOCATION
ADDED from src/main/AndroidManifest.xml:24:5-79
	android:name
		ADDED from src/main/AndroidManifest.xml:24:22-76
uses-permission#android.permission.WRITE_SETTINGS
ADDED from src/main/AndroidManifest.xml:27:5-73
	android:name
		ADDED from src/main/AndroidManifest.xml:27:22-70
uses-permission#android.permission.ACCESS_NETWORK_STATE
ADDED from src/main/AndroidManifest.xml:29:5-79
	android:name
		ADDED from src/main/AndroidManifest.xml:29:22-76
uses-permission#android.permission.ACCESS_WIFI_STATE
ADDED from src/main/AndroidManifest.xml:31:5-76
	android:name
		ADDED from src/main/AndroidManifest.xml:31:22-73
uses-permission#android.permission.CHANGE_WIFI_STATE
ADDED from src/main/AndroidManifest.xml:32:5-76
	android:name
		ADDED from src/main/AndroidManifest.xml:32:22-73
uses-permission#android.permission.READ_PHONE_STATE
ADDED from src/main/AndroidManifest.xml:38:5-75
	android:name
		ADDED from src/main/AndroidManifest.xml:38:22-72
uses-permission#android.permission.CALL_PHONE
ADDED from src/main/AndroidManifest.xml:39:5-69
	android:name
		ADDED from src/main/AndroidManifest.xml:39:22-66
permission#android.permission.BAIDU_LOCATION_SERVICE
ADDED from src/main/AndroidManifest.xml:44:5-76
	android:name
		ADDED from src/main/AndroidManifest.xml:44:17-73
uses-permission#android.permission.BAIDU_LOCATION_SERVICE
ADDED from src/main/AndroidManifest.xml:46:5-81
	android:name
		ADDED from src/main/AndroidManifest.xml:46:22-78
uses-permission#android.permission.ACCES_MOCK_LOCATION
ADDED from src/main/AndroidManifest.xml:48:5-78
	android:name
		ADDED from src/main/AndroidManifest.xml:48:22-75
uses-permission#android.permission.ACCESS_GPS
ADDED from src/main/AndroidManifest.xml:49:5-69
	android:name
		ADDED from src/main/AndroidManifest.xml:49:22-66
uses-permission#android.permission.MOUNT_UNMOUNT_FILESYSTEMS
ADDED from src/main/AndroidManifest.xml:60:5-84
	android:name
		ADDED from src/main/AndroidManifest.xml:60:22-81
uses-permission#android.permission.READ_LOGS
ADDED from src/main/AndroidManifest.xml:61:5-68
	android:name
		ADDED from src/main/AndroidManifest.xml:61:22-65
uses-permission#android.permission.CHANGE_CONFIGURATION
ADDED from src/main/AndroidManifest.xml:72:5-79
	android:name
		ADDED from src/main/AndroidManifest.xml:72:22-76
supports-screens
ADDED from src/main/AndroidManifest.xml:74:5-79:39
	android:resizeable
		ADDED from src/main/AndroidManifest.xml:78:9-34
	android:largeScreens
		ADDED from src/main/AndroidManifest.xml:76:9-36
	android:anyDensity
		ADDED from src/main/AndroidManifest.xml:75:9-34
	android:normalScreens
		ADDED from src/main/AndroidManifest.xml:77:9-38
	android:smallScreens
		ADDED from src/main/AndroidManifest.xml:79:9-36
uses-permission#android.permission.CAMERA
ADDED from src/main/AndroidManifest.xml:81:5-65
	android:name
		ADDED from src/main/AndroidManifest.xml:81:22-62
application
ADDED from src/main/AndroidManifest.xml:83:5-255:19
	android:label
		ADDED from src/main/AndroidManifest.xml:86:9-41
	android:allowBackup
		ADDED from src/main/AndroidManifest.xml:84:9-35
	android:icon
		ADDED from src/main/AndroidManifest.xml:85:9-45
	android:theme
		ADDED from src/main/AndroidManifest.xml:87:9-40
activity#com.mengdd.arapp.activities.EntryActivity
ADDED from src/main/AndroidManifest.xml:88:9-96:20
	android:label
		ADDED from src/main/AndroidManifest.xml:90:13-45
	android:name
		ADDED from src/main/AndroidManifest.xml:89:13-53
intent-filter#android.intent.action.MAIN+android.intent.category.LAUNCHER
ADDED from src/main/AndroidManifest.xml:91:13-95:29
action#android.intent.action.MAIN
ADDED from src/main/AndroidManifest.xml:92:17-69
	android:name
		ADDED from src/main/AndroidManifest.xml:92:25-66
category#android.intent.category.LAUNCHER
ADDED from src/main/AndroidManifest.xml:94:17-77
	android:name
		ADDED from src/main/AndroidManifest.xml:94:27-74
activity#com.mengdd.arapp.activities.MainActivity
ADDED from src/main/AndroidManifest.xml:97:9-100:20
	android:label
		ADDED from src/main/AndroidManifest.xml:99:13-45
	android:name
		ADDED from src/main/AndroidManifest.xml:98:13-52
activity#com.mengdd.arapp.activities.LoginActivity
ADDED from src/main/AndroidManifest.xml:101:9-104:20
	android:label
		ADDED from src/main/AndroidManifest.xml:103:13-45
	android:name
		ADDED from src/main/AndroidManifest.xml:102:13-69
activity#com.mengdd.tests.TestAllActivity
ADDED from src/main/AndroidManifest.xml:105:9-108:20
	android:label
		ADDED from src/main/AndroidManifest.xml:107:13-45
	android:name
		ADDED from src/main/AndroidManifest.xml:106:13-60
activity#com.mengdd.arapp.activities.RealSceneActivity
ADDED from src/main/AndroidManifest.xml:109:9-114:20
	android:screenOrientation
		ADDED from src/main/AndroidManifest.xml:113:13-47
	android:label
		ADDED from src/main/AndroidManifest.xml:112:13-45
	android:configChanges
		ADDED from src/main/AndroidManifest.xml:111:13-74
	android:name
		ADDED from src/main/AndroidManifest.xml:110:13-57
activity#com.mengdd.arapp.activities.GoogleMapActivity
ADDED from src/main/AndroidManifest.xml:115:9-118:20
	android:label
		ADDED from src/main/AndroidManifest.xml:117:13-45
	android:name
		ADDED from src/main/AndroidManifest.xml:116:13-73
activity#com.mengdd.arapp.activities.BaiduMapActivity
ADDED from src/main/AndroidManifest.xml:119:9-122:20
	android:label
		ADDED from src/main/AndroidManifest.xml:121:13-45
	android:name
		ADDED from src/main/AndroidManifest.xml:120:13-72
activity#com.mengdd.arapp.activities.SearchActivity
ADDED from src/main/AndroidManifest.xml:123:9-129:20
	android:windowSoftInputMode
		ADDED from src/main/AndroidManifest.xml:126:13-52
	android:screenOrientation
		ADDED from src/main/AndroidManifest.xml:128:13-47
	android:label
		ADDED from src/main/AndroidManifest.xml:125:13-45
	android:configChanges
		ADDED from src/main/AndroidManifest.xml:127:13-74
	android:name
		ADDED from src/main/AndroidManifest.xml:124:13-70
activity#com.mengdd.arapp.activities.CustomMarkerActivity
ADDED from src/main/AndroidManifest.xml:130:9-133:20
	android:label
		ADDED from src/main/AndroidManifest.xml:132:13-45
	android:name
		ADDED from src/main/AndroidManifest.xml:131:13-76
activity#com.mengdd.tests.TestAugmentedPOIActivity
ADDED from src/main/AndroidManifest.xml:134:9-137:20
	android:label
		ADDED from src/main/AndroidManifest.xml:136:13-45
	android:name
		ADDED from src/main/AndroidManifest.xml:135:13-69
activity#com.mengdd.tests.TestGoogleMapActivity
ADDED from src/main/AndroidManifest.xml:138:9-141:20
	android:label
		ADDED from src/main/AndroidManifest.xml:140:13-45
	android:name
		ADDED from src/main/AndroidManifest.xml:139:13-66
activity#com.mengdd.tests.TestBaiduMapActivity
ADDED from src/main/AndroidManifest.xml:142:9-145:20
	android:label
		ADDED from src/main/AndroidManifest.xml:144:13-45
	android:name
		ADDED from src/main/AndroidManifest.xml:143:13-65
activity#com.mengdd.tests.TestGoogleMapViewActivity
ADDED from src/main/AndroidManifest.xml:146:9-149:20
	android:label
		ADDED from src/main/AndroidManifest.xml:148:13-45
	android:name
		ADDED from src/main/AndroidManifest.xml:147:13-70
activity#com.mengdd.tests.TestCameraActivity
ADDED from src/main/AndroidManifest.xml:150:9-155:20
	android:screenOrientation
		ADDED from src/main/AndroidManifest.xml:154:13-47
	android:label
		ADDED from src/main/AndroidManifest.xml:153:13-45
	android:configChanges
		ADDED from src/main/AndroidManifest.xml:152:13-74
	android:name
		ADDED from src/main/AndroidManifest.xml:151:13-63
activity#com.mengdd.tests.TestCompassActivity
ADDED from src/main/AndroidManifest.xml:156:9-161:20
	android:screenOrientation
		ADDED from src/main/AndroidManifest.xml:160:13-47
	android:label
		ADDED from src/main/AndroidManifest.xml:159:13-45
	android:configChanges
		ADDED from src/main/AndroidManifest.xml:158:13-74
	android:name
		ADDED from src/main/AndroidManifest.xml:157:13-64
activity#com.mengdd.tests.TestGoogleLocationActivity
ADDED from src/main/AndroidManifest.xml:162:9-165:20
	android:label
		ADDED from src/main/AndroidManifest.xml:164:13-45
	android:name
		ADDED from src/main/AndroidManifest.xml:163:13-71
activity#com.mengdd.tests.TestBaiduLocationActivity
ADDED from src/main/AndroidManifest.xml:166:9-169:20
	android:label
		ADDED from src/main/AndroidManifest.xml:168:13-45
	android:name
		ADDED from src/main/AndroidManifest.xml:167:13-70
activity#com.mengdd.tests.TestPOIDataActivity
ADDED from src/main/AndroidManifest.xml:170:9-173:20
	android:label
		ADDED from src/main/AndroidManifest.xml:172:13-45
	android:name
		ADDED from src/main/AndroidManifest.xml:171:13-64
activity#com.mengdd.tests.TestRadarActivity
ADDED from src/main/AndroidManifest.xml:174:9-177:20
	android:label
		ADDED from src/main/AndroidManifest.xml:176:13-45
	android:name
		ADDED from src/main/AndroidManifest.xml:175:13-62
activity#com.mengdd.tests.TestBaiduPoiActivity
ADDED from src/main/AndroidManifest.xml:178:9-181:20
	android:label
		ADDED from src/main/AndroidManifest.xml:180:13-45
	android:name
		ADDED from src/main/AndroidManifest.xml:179:13-65
activity#com.mengdd.tests.TestBottomMenuActivity
ADDED from src/main/AndroidManifest.xml:182:9-185:20
	android:label
		ADDED from src/main/AndroidManifest.xml:184:13-45
	android:name
		ADDED from src/main/AndroidManifest.xml:183:13-67
activity#com.mengdd.tests.TestMin3dActivity
ADDED from src/main/AndroidManifest.xml:186:9-189:20
	android:label
		ADDED from src/main/AndroidManifest.xml:188:13-45
	android:name
		ADDED from src/main/AndroidManifest.xml:187:13-62
activity#com.mengdd.tests.TestNaviUIActivity
ADDED from src/main/AndroidManifest.xml:190:9-191:20
	android:name
		ADDED from src/main/AndroidManifest.xml:190:19-69
activity#com.mengdd.tests.TestSsoAuthorActivity
ADDED from src/main/AndroidManifest.xml:192:9-193:20
	android:name
		ADDED from src/main/AndroidManifest.xml:192:19-72
activity#com.mengdd.tests.TestUserAuthorizeActivity
ADDED from src/main/AndroidManifest.xml:194:9-195:20
	android:name
		ADDED from src/main/AndroidManifest.xml:194:19-76
meta-data#com.google.android.maps.v2.API_KEY
ADDED from src/main/AndroidManifest.xml:217:9-219:71
	android:name
		ADDED from src/main/AndroidManifest.xml:218:13-62
	android:value
		ADDED from src/main/AndroidManifest.xml:219:13-68
service#com.baidu.location.f
ADDED from src/main/AndroidManifest.xml:222:9-226:19
	android:process
		ADDED from src/main/AndroidManifest.xml:225:13-38
	android:enabled
		ADDED from src/main/AndroidManifest.xml:224:13-35
	android:name
		ADDED from src/main/AndroidManifest.xml:223:13-48
activity#com.baidu.mapapi.search.PlaceCaterActivity
ADDED from src/main/AndroidManifest.xml:229:9-233:20
	android:configChanges
		ADDED from src/main/AndroidManifest.xml:231:13-63
	android:theme
		ADDED from src/main/AndroidManifest.xml:232:13-60
	android:name
		ADDED from src/main/AndroidManifest.xml:230:13-70
meta-data#com.amap.api.v2.apikey
ADDED from src/main/AndroidManifest.xml:239:9-241:64
	android:name
		ADDED from src/main/AndroidManifest.xml:240:13-50
	android:value
		ADDED from src/main/AndroidManifest.xml:241:13-61
activity#com.mengdd.arapp.activities.AutoNaviMapActivity
ADDED from src/main/AndroidManifest.xml:243:9-244:20
	android:name
		ADDED from src/main/AndroidManifest.xml:243:19-81
activity#com.mengdd.arapp.activities.MapCompareActivity
ADDED from src/main/AndroidManifest.xml:245:9-246:20
	android:name
		ADDED from src/main/AndroidManifest.xml:245:19-80
activity#com.mengdd.tests.TestAutoNaviMapActivity
ADDED from src/main/AndroidManifest.xml:247:9-248:20
	android:name
		ADDED from src/main/AndroidManifest.xml:247:19-74
activity#com.mengdd.tests.TestBaiduMapWithLocationModel
ADDED from src/main/AndroidManifest.xml:249:9-250:20
	android:name
		ADDED from src/main/AndroidManifest.xml:249:19-80
activity#com.mengdd.tests.TestGoogleMapWithLocationModel
ADDED from src/main/AndroidManifest.xml:251:9-252:20
	android:name
		ADDED from src/main/AndroidManifest.xml:251:19-81
activity#com.mengdd.tests.TestAutoMapWithLocationModel
ADDED from src/main/AndroidManifest.xml:253:9-254:20
	android:name
		ADDED from src/main/AndroidManifest.xml:253:19-79